<?xml version="1.0" encoding="UTF-8"?>
<testsuite name="com.study.book.springboot.domains.posts.PostReposiotoryTest" tests="1" skipped="0" failures="0" errors="0" timestamp="2020-06-29T11:57:35" hostname="JUN-PC" time="5.993">
  <properties/>
  <testcase name="BaseTimeEntity_등록" classname="com.study.book.springboot.domains.posts.PostReposiotoryTest" time="5.993"/>
  <system-out><![CDATA[20:56:34.947 [Test worker] DEBUG org.springframework.test.context.junit4.SpringJUnit4ClassRunner - SpringJUnit4ClassRunner constructor called with [class com.study.book.springboot.domains.posts.PostReposiotoryTest]
20:56:35.011 [Test worker] DEBUG org.springframework.test.context.BootstrapUtils - Instantiating CacheAwareContextLoaderDelegate from class [org.springframework.test.context.cache.DefaultCacheAwareContextLoaderDelegate]
20:56:35.125 [Test worker] DEBUG org.springframework.test.context.BootstrapUtils - Instantiating BootstrapContext using constructor [public org.springframework.test.context.support.DefaultBootstrapContext(java.lang.Class,org.springframework.test.context.CacheAwareContextLoaderDelegate)]
20:56:35.317 [Test worker] DEBUG org.springframework.test.context.BootstrapUtils - Instantiating TestContextBootstrapper for test class [com.study.book.springboot.domains.posts.PostReposiotoryTest] from class [org.springframework.boot.test.context.SpringBootTestContextBootstrapper]
20:56:35.472 [Test worker] INFO org.springframework.boot.test.context.SpringBootTestContextBootstrapper - Neither @ContextConfiguration nor @ContextHierarchy found for test class [com.study.book.springboot.domains.posts.PostReposiotoryTest], using SpringBootContextLoader
20:56:35.508 [Test worker] DEBUG org.springframework.test.context.support.AbstractContextLoader - Did not detect default resource location for test class [com.study.book.springboot.domains.posts.PostReposiotoryTest]: class path resource [com/study/book/springboot/domains/posts/PostReposiotoryTest-context.xml] does not exist
20:56:35.514 [Test worker] DEBUG org.springframework.test.context.support.AbstractContextLoader - Did not detect default resource location for test class [com.study.book.springboot.domains.posts.PostReposiotoryTest]: class path resource [com/study/book/springboot/domains/posts/PostReposiotoryTestContext.groovy] does not exist
20:56:35.516 [Test worker] INFO org.springframework.test.context.support.AbstractContextLoader - Could not detect default resource locations for test class [com.study.book.springboot.domains.posts.PostReposiotoryTest]: no resource found for suffixes {-context.xml, Context.groovy}.
20:56:35.528 [Test worker] INFO org.springframework.test.context.support.AnnotationConfigContextLoaderUtils - Could not detect default configuration classes for test class [com.study.book.springboot.domains.posts.PostReposiotoryTest]: PostReposiotoryTest does not declare any static, non-private, non-final, nested classes annotated with @Configuration.
20:56:35.921 [Test worker] DEBUG org.springframework.test.context.support.ActiveProfilesUtils - Could not find an 'annotation declaring class' for annotation type [org.springframework.test.context.ActiveProfiles] and class [com.study.book.springboot.domains.posts.PostReposiotoryTest]
20:56:36.589 [Test worker] DEBUG org.springframework.context.annotation.ClassPathScanningCandidateComponentProvider - Identified candidate component class: file [D:\workspaces\workspace-intellij\study0624\build\classes\java\main\com\study\book\springboot\Application.class]
20:56:36.598 [Test worker] INFO org.springframework.boot.test.context.SpringBootTestContextBootstrapper - Found @SpringBootConfiguration com.study.book.springboot.Application for test class com.study.book.springboot.domains.posts.PostReposiotoryTest
20:56:37.780 [Test worker] DEBUG org.springframework.boot.test.context.SpringBootTestContextBootstrapper - @TestExecutionListeners is not present for class [com.study.book.springboot.domains.posts.PostReposiotoryTest]: using defaults.
20:56:37.788 [Test worker] INFO org.springframework.boot.test.context.SpringBootTestContextBootstrapper - Loaded default TestExecutionListener class names from location [META-INF/spring.factories]: [org.springframework.boot.test.autoconfigure.restdocs.RestDocsTestExecutionListener, org.springframework.boot.test.autoconfigure.web.client.MockRestServiceServerResetTestExecutionListener, org.springframework.boot.test.autoconfigure.web.servlet.MockMvcPrintOnlyOnFailureTestExecutionListener, org.springframework.boot.test.autoconfigure.web.servlet.WebDriverTestExecutionListener, org.springframework.boot.test.mock.mockito.MockitoTestExecutionListener, org.springframework.boot.test.mock.mockito.ResetMocksTestExecutionListener, org.springframework.test.context.web.ServletTestExecutionListener, org.springframework.test.context.support.DirtiesContextBeforeModesTestExecutionListener, org.springframework.test.context.support.DependencyInjectionTestExecutionListener, org.springframework.test.context.support.DirtiesContextTestExecutionListener, org.springframework.test.context.transaction.TransactionalTestExecutionListener, org.springframework.test.context.jdbc.SqlScriptsTestExecutionListener]
20:56:37.959 [Test worker] INFO org.springframework.boot.test.context.SpringBootTestContextBootstrapper - Using TestExecutionListeners: [org.springframework.test.context.web.ServletTestExecutionListener@7bd13cfa, org.springframework.test.context.support.DirtiesContextBeforeModesTestExecutionListener@43e88430, org.springframework.boot.test.mock.mockito.MockitoTestExecutionListener@1f5b9960, org.springframework.boot.test.autoconfigure.SpringBootDependencyInjectionTestExecutionListener@4b7dc600, org.springframework.test.context.support.DirtiesContextTestExecutionListener@39b91579, org.springframework.test.context.transaction.TransactionalTestExecutionListener@3e77cf7a, org.springframework.test.context.jdbc.SqlScriptsTestExecutionListener@7da4d14d, org.springframework.boot.test.autoconfigure.restdocs.RestDocsTestExecutionListener@584c453f, org.springframework.boot.test.autoconfigure.web.client.MockRestServiceServerResetTestExecutionListener@292f8192, org.springframework.boot.test.autoconfigure.web.servlet.MockMvcPrintOnlyOnFailureTestExecutionListener@292397d2, org.springframework.boot.test.autoconfigure.web.servlet.WebDriverTestExecutionListener@72d60502, org.springframework.boot.test.mock.mockito.ResetMocksTestExecutionListener@4889c3da]
20:56:37.996 [Test worker] DEBUG org.springframework.test.annotation.ProfileValueUtils - Retrieved @ProfileValueSourceConfiguration [null] for test class [com.study.book.springboot.domains.posts.PostReposiotoryTest]
20:56:38.005 [Test worker] DEBUG org.springframework.test.annotation.ProfileValueUtils - Retrieved ProfileValueSource type [class org.springframework.test.annotation.SystemProfileValueSource] for class [com.study.book.springboot.domains.posts.PostReposiotoryTest]
20:56:38.053 [Test worker] DEBUG org.springframework.test.annotation.ProfileValueUtils - Retrieved @ProfileValueSourceConfiguration [null] for test class [com.study.book.springboot.domains.posts.PostReposiotoryTest]
20:56:38.054 [Test worker] DEBUG org.springframework.test.annotation.ProfileValueUtils - Retrieved ProfileValueSource type [class org.springframework.test.annotation.SystemProfileValueSource] for class [com.study.book.springboot.domains.posts.PostReposiotoryTest]
20:56:38.060 [Test worker] DEBUG org.springframework.test.annotation.ProfileValueUtils - Retrieved @ProfileValueSourceConfiguration [null] for test class [com.study.book.springboot.domains.posts.PostReposiotoryTest]
20:56:38.062 [Test worker] DEBUG org.springframework.test.annotation.ProfileValueUtils - Retrieved ProfileValueSource type [class org.springframework.test.annotation.SystemProfileValueSource] for class [com.study.book.springboot.domains.posts.PostReposiotoryTest]
20:56:38.119 [Test worker] DEBUG org.springframework.test.context.support.AbstractDirtiesContextTestExecutionListener - Before test class: context [DefaultTestContext@5768eadf testClass = PostReposiotoryTest, testInstance = [null], testMethod = [null], testException = [null], mergedContextConfiguration = [WebMergedContextConfiguration@50d60999 testClass = PostReposiotoryTest, locations = '{}', classes = '{class com.study.book.springboot.Application}', contextInitializerClasses = '[]', activeProfiles = '{}', propertySourceLocations = '{}', propertySourceProperties = '{org.springframework.boot.test.context.SpringBootTestContextBootstrapper=true}', contextCustomizers = set[org.springframework.boot.test.autoconfigure.properties.PropertyMappingContextCustomizer@0, org.springframework.boot.test.autoconfigure.web.servlet.WebDriverContextCustomizerFactory$Customizer@45ca994b, org.springframework.boot.test.context.filter.ExcludeFilterContextCustomizer@58cab4e0, org.springframework.boot.test.json.DuplicateJsonObjectContextCustomizerFactory$DuplicateJsonObjectContextCustomizer@4cbff5aa, org.springframework.boot.test.mock.mockito.MockitoContextCustomizer@0, org.springframework.boot.test.web.client.TestRestTemplateContextCustomizer@1559186b], resourceBasePath = 'src/main/webapp', contextLoader = 'org.springframework.boot.test.context.SpringBootContextLoader', parent = [null]], attributes = map['org.springframework.test.context.web.ServletTestExecutionListener.activateListener' -> true]], class annotated with @DirtiesContext [false] with mode [null].
20:56:38.126 [Test worker] DEBUG org.springframework.test.annotation.ProfileValueUtils - Retrieved @ProfileValueSourceConfiguration [null] for test class [com.study.book.springboot.domains.posts.PostReposiotoryTest]
20:56:38.129 [Test worker] DEBUG org.springframework.test.annotation.ProfileValueUtils - Retrieved ProfileValueSource type [class org.springframework.test.annotation.SystemProfileValueSource] for class [com.study.book.springboot.domains.posts.PostReposiotoryTest]
20:56:38.378 [Test worker] DEBUG org.springframework.test.context.support.TestPropertySourceUtils - Adding inlined properties to environment: {spring.jmx.enabled=false, org.springframework.boot.test.context.SpringBootTestContextBootstrapper=true, server.port=-1}

  .   ____          _            __ _ _
 /\\ / ___'_ __ _ _(_)_ __  __ _ \ \ \ \
( ( )\___ | '_ | '_| | '_ \/ _` | \ \ \ \
 \\/  ___)| |_)| | | | | || (_| |  ) ) ) )
  '  |____| .__|_| |_|_| |_\__, | / / / /
 =========|_|==============|___/=/_/_/_/
 :: Spring Boot ::        (v2.1.7.RELEASE)

2020-06-29 20:56:40.505  INFO 15636 --- [    Test worker] c.s.b.s.d.posts.PostReposiotoryTest      : Starting PostReposiotoryTest on jun-pc with PID 15636 (started by 종욱 in D:\workspaces\workspace-intellij\study0624)
2020-06-29 20:56:40.510  INFO 15636 --- [    Test worker] c.s.b.s.d.posts.PostReposiotoryTest      : No active profile set, falling back to default profiles: default
2020-06-29 20:56:45.451  INFO 15636 --- [    Test worker] .s.d.r.c.RepositoryConfigurationDelegate : Bootstrapping Spring Data repositories in DEFAULT mode.
2020-06-29 20:56:46.630  INFO 15636 --- [    Test worker] .s.d.r.c.RepositoryConfigurationDelegate : Finished Spring Data repository scanning in 991ms. Found 1 repository interfaces.
2020-06-29 20:56:49.409  INFO 15636 --- [    Test worker] trationDelegate$BeanPostProcessorChecker : Bean 'org.springframework.transaction.annotation.ProxyTransactionManagementConfiguration' of type [org.springframework.transaction.annotation.ProxyTransactionManagementConfiguration$$EnhancerBySpringCGLIB$$c67d960b] is not eligible for getting processed by all BeanPostProcessors (for example: not eligible for auto-proxying)
2020-06-29 20:56:51.957  INFO 15636 --- [    Test worker] com.zaxxer.hikari.HikariDataSource       : HikariPool-1 - Starting...
2020-06-29 20:56:54.083  INFO 15636 --- [    Test worker] com.zaxxer.hikari.HikariDataSource       : HikariPool-1 - Start completed.
2020-06-29 20:56:55.604  INFO 15636 --- [    Test worker] o.hibernate.jpa.internal.util.LogHelper  : HHH000204: Processing PersistenceUnitInfo [
	name: default
	...]
2020-06-29 20:56:56.697  INFO 15636 --- [    Test worker] org.hibernate.Version                    : HHH000412: Hibernate Core {5.3.10.Final}
2020-06-29 20:56:56.734  INFO 15636 --- [    Test worker] org.hibernate.cfg.Environment            : HHH000206: hibernate.properties not found
2020-06-29 20:56:58.930  INFO 15636 --- [    Test worker] o.hibernate.annotations.common.Version   : HCANN000001: Hibernate Commons Annotations {5.0.4.Final}
2020-06-29 20:57:00.389  INFO 15636 --- [    Test worker] org.hibernate.dialect.Dialect            : HHH000400: Using dialect: org.hibernate.dialect.MySQL5InnoDBDialect
Hibernate: drop table if exists posts
Hibernate: create table posts (id bigint not null auto_increment, created_date datetime, modified_date datetime, author varchar(255), content TEXT not null, title varchar(500) not null, primary key (id)) engine=InnoDB
2020-06-29 20:57:08.950  INFO 15636 --- [    Test worker] o.h.t.schema.internal.SchemaCreatorImpl  : HHH000476: Executing import script 'org.hibernate.tool.schema.internal.exec.ScriptSourceInputNonExistentImpl@69fd4436'
2020-06-29 20:57:09.000  INFO 15636 --- [    Test worker] j.LocalContainerEntityManagerFactoryBean : Initialized JPA EntityManagerFactory for persistence unit 'default'
2020-06-29 20:57:23.516  INFO 15636 --- [    Test worker] o.s.s.concurrent.ThreadPoolTaskExecutor  : Initializing ExecutorService 'applicationTaskExecutor'
2020-06-29 20:57:25.769  WARN 15636 --- [    Test worker] aWebConfiguration$JpaWebMvcConfiguration : spring.jpa.open-in-view is enabled by default. Therefore, database queries may be performed during view rendering. Explicitly configure spring.jpa.open-in-view to disable this warning
2020-06-29 20:57:35.584  INFO 15636 --- [    Test worker] c.s.b.s.d.posts.PostReposiotoryTest      : Started PostReposiotoryTest in 57.086 seconds (JVM running for 64.092)
Hibernate: insert into posts (created_date, modified_date, author, content, title) values (?, ?, ?, ?, ?)
2020-06-29 20:57:38.280  INFO 15636 --- [    Test worker] o.h.h.i.QueryTranslatorFactoryInitiator  : HHH000397: Using ASTQueryTranslatorFactory
Hibernate: select posts0_.id as id1_0_, posts0_.created_date as created_2_0_, posts0_.modified_date as modified3_0_, posts0_.author as author4_0_, posts0_.content as content5_0_, posts0_.title as title6_0_ from posts posts0_
>>>>>>>>>> createDate = 2020-06-29T20:57:37.079484, modifedDate = 2020-06-29T20:57:37.079484
Hibernate: select posts0_.id as id1_0_, posts0_.created_date as created_2_0_, posts0_.modified_date as modified3_0_, posts0_.author as author4_0_, posts0_.content as content5_0_, posts0_.title as title6_0_ from posts posts0_
Hibernate: delete from posts where id=?
]]></system-out>
  <system-err><![CDATA[]]></system-err>
</testsuite>
